<?xml version="1.0" encoding="UTF-8"?>
<!-- Generated by org.testng.reporters.JUnitXMLReporter -->
<testsuite ignored="2" hostname="DESKTOP-N1NG7JA" failures="0" tests="1" name="Default test" time="235.889" errors="0" timestamp="2024-06-24T16:01:08 IST">
  <testcase classname="selenium.practiceTest.JavaScriptAlertPopUpTest" name="alertPopUps" time="235.794"/>
  <testcase classname="selenium.practiceTest.JavaScriptAlertPopUpTest" name="confermAlertPopUps" time="0.0">
    <ignored/>
  </testcase> <!-- confermAlertPopUps -->
  <testcase classname="selenium.practiceTest.JavaScriptAlertPopUpTest" name="promptAlertPopUps" time="0.0">
    <ignored/>
  </testcase> <!-- promptAlertPopUps -->
</testsuite> <!-- Default test -->
