<?xml version="1.0" encoding="UTF-8"?>
<!-- Generated by org.testng.reporters.JUnitXMLReporter -->
<testsuite ignored="2" hostname="DESKTOP-N1NG7JA" failures="0" tests="4" name="Test" time="0.252" errors="0" timestamp="2024-06-12T16:23:08 IST">
  <testcase classname="com.crm.comcast.orgTest.CreateOrgTest" name="createOrgTest" time="0.01"/>
  <testcase classname="com.crm.comcast.orgTest.CreateOrgTest" name="createOrgWithIndustryTest" time="0.015"/>
  <testcase classname="com.crm.comcast.contactTest.CreateContactTest" name="createContactTest" time="0.016"/>
  <testcase classname="com.crm.comcast.contactTest.CreateContactTest" name="createContactwithDateTest" time="0.017"/>
  <testcase classname="com.crm.generic.baseUtility.BaseClass" name="@BeforeSuite configBEforeSuit" time="0.0">
    <ignored/>
  </testcase> <!-- @BeforeSuite configBEforeSuit -->
  <testcase classname="com.crm.generic.baseUtility.BaseClass" name="@AfterSuite configAfterSuit" time="0.0">
    <ignored/>
  </testcase> <!-- @AfterSuite configAfterSuit -->
</testsuite> <!-- Test -->
